生成启动时间为 2014/5/30 星期五 12:13:50。
     1>项目“E:\C++Poj\Moon\Moon\proj.win32\Moon.win32.vcxproj”在节点 2 上(Build 个目标)。
     1>ClCompile:
         C:\Program Files (x86)\Microsoft Visual Studio 11.0\VC\bin\CL.exe /c /I. /I..\Classes /IE:\C++Poj\Moon\cocos2dx /IE:\C++Poj\Moon\cocos2dx\include /IE:\C++Poj\Moon\cocos2dx\kazmath\include /IE:\C++Poj\Moon\cocos2dx\platform\win32 /IE:\C++Poj\Moon\cocos2dx\platform\third_party\win32 /IE:\C++Poj\Moon\cocos2dx\platform\third_party\win32\OGLES /IE:\C++Poj\Moon\external /IE:\C++Poj\Moon\CocosDenshion\include /ZI /nologo /W3 /WX- /Od /Oy- /D WIN32 /D _WINDOWS /D STRICT /D _CRT_SECURE_NO_WARNINGS /D _SCL_SECURE_NO_WARNINGS_DEBUG /D COCOS2D_DEBUG=1 /D _UNICODE /D UNICODE /Gm /EHsc /RTC1 /MDd /GS /fp:precise /Zc:wchar_t /Zc:forScope /Fo"Debug.win32\\" /Fd"Debug.win32\vc110.pdb" /Gd /TP /wd4267 /wd4251 /wd4244 /analyze- /errorReport:prompt EnemyPlane.cpp
         EnemyPlane.cpp
       Link:
         C:\Program Files (x86)\Microsoft Visual Studio 11.0\VC\bin\link.exe /ERRORREPORT:PROMPT /OUT:"E:\C++Poj\Moon\Debug.win32\Moon.win32.exe" /INCREMENTAL /NOLOGO /LIBPATH:E:\C++Poj\Moon\Debug.win32\ libcocos2d.lib libExtensions.lib opengl32.lib glew32.lib libBox2d.lib libCocosDenshion.lib d3d9.lib d3dx9.lib winmm.lib kernel32.lib user32.lib gdi32.lib winspool.lib comdlg32.lib advapi32.lib shell32.lib ole32.lib oleaut32.lib uuid.lib odbc32.lib odbccp32.lib /MANIFEST /MANIFESTUAC:"level='asInvoker' uiAccess='false'" /manifest:embed /DEBUG /PDB:"E:\C++Poj\Moon\Debug.win32\Moon.win32.pdb" /SUBSYSTEM:WINDOWS /TLBID:1 /DYNAMICBASE /NXCOMPAT /IMPLIB:"E:\C++Poj\Moon\Debug.win32\Moon.win32.lib" /MACHINE:X86 Debug.win32\Moon.res
         Debug.win32\AppDelegate.obj
         Debug.win32\AboutScene.obj
         Debug.win32\Bullet.obj
         Debug.win32\Config.obj
         Debug.win32\Effect.obj
         Debug.win32\EnemyPlane.obj
         Debug.win32\GameOverScene.obj
         Debug.win32\GameScene.obj
         Debug.win32\main.obj
         Debug.win32\MainMenu.obj
         Debug.win32\MyPlane.obj
         Debug.win32\OptionScene.obj
         Moon.win32.vcxproj -> E:\C++Poj\Moon\Debug.win32\Moon.win32.exe
     1>已完成生成项目“E:\C++Poj\Moon\Moon\proj.win32\Moon.win32.vcxproj”(Build 个目标)的操作。

生成成功。

已用时间 00:00:04.02
